<?xml version="1.0" encoding="UTF-8"?>
<!-- Generated by org.testng.reporters.JUnitXMLReporter -->
<testsuite ignored="8" hostname="DESKTOP-CGTN2DQ" failures="0" tests="5" name="SmokeTest" time="161.061" errors="0" timestamp="2022-06-21T13:09:07 IST">
  <testcase classname="com.crm.vtigerTY.organization.CreateOrganizationWithContactTest" name="createOranizationAndContactsAndVerify" time="34.529"/>
  <testcase classname="com.crm.vtigerTY.contacts.SelectLastViewedContactAndLogoutTest" name="selectLastViewContactLogout" time="12.338"/>
  <testcase classname="com.crm.vtigerTY.contacts.DuplicateTheContactAndVerifyTest" name="selectDuplicateContact" time="16.575"/>
  <testcase classname="com.crm.vtigerTY.contacts.CreateContactAndVerifyTest" name="createContactsAndVerify" time="14.141"/>
  <testcase classname="com.crm.vtigerTY.organization.CreateOrganizationAndVerifyTest" name="createOrganizationAndVerify" time="14.69"/>
  <testcase classname="com.crm.vtigerTY.genericUtilities.BaseClass" name="@BeforeSuite connectToDatabase" time="0.0">
    <ignored/>
  </testcase> <!-- @BeforeSuite connectToDatabase -->
  <testcase classname="com.crm.vtigerTY.genericUtilities.BaseClass" name="@BeforeSuite connectToDatabase" time="0.0">
    <ignored/>
  </testcase> <!-- @BeforeSuite connectToDatabase -->
  <testcase classname="com.crm.vtigerTY.genericUtilities.BaseClass" name="@BeforeSuite connectToDatabase" time="0.0">
    <ignored/>
  </testcase> <!-- @BeforeSuite connectToDatabase -->
  <testcase classname="com.crm.vtigerTY.genericUtilities.BaseClass" name="@BeforeSuite connectToDatabase" time="0.0">
    <ignored/>
  </testcase> <!-- @BeforeSuite connectToDatabase -->
  <testcase classname="com.crm.vtigerTY.genericUtilities.BaseClass" name="@AfterSuite closeTheDatabase" time="0.0">
    <ignored/>
  </testcase> <!-- @AfterSuite closeTheDatabase -->
  <testcase classname="com.crm.vtigerTY.genericUtilities.BaseClass" name="@AfterSuite closeTheDatabase" time="0.0">
    <ignored/>
  </testcase> <!-- @AfterSuite closeTheDatabase -->
  <testcase classname="com.crm.vtigerTY.genericUtilities.BaseClass" name="@AfterSuite closeTheDatabase" time="0.0">
    <ignored/>
  </testcase> <!-- @AfterSuite closeTheDatabase -->
  <testcase classname="com.crm.vtigerTY.genericUtilities.BaseClass" name="@AfterSuite closeTheDatabase" time="0.0">
    <ignored/>
  </testcase> <!-- @AfterSuite closeTheDatabase -->
</testsuite> <!-- SmokeTest -->
