<?xml version="1.0" encoding="UTF-8"?>
<!-- Generated by org.testng.reporters.JUnitXMLReporter -->
<testsuite ignored="6" hostname="DESKTOP-CGTN2DQ" failures="0" tests="4" name="SystemTest" time="98.997" errors="0" timestamp="2022-06-21T13:10:46 IST">
  <testcase classname="com.crm.vtigerTY.contacts.CreateContactWithOrganizationTest" name="createContactWithOrganization" time="18.755"/>
  <testcase classname="com.crm.vtigerTY.contacts.EditContactAndVerifyTest" name="editContactAndVerify" time="12.08"/>
  <testcase classname="com.crm.vtigerTY.contacts.SelectContactAndSendEmailTest" name="selectOneContactSendEmail" time="11.26"/>
  <testcase classname="com.crm.vtigerTY.organization.CreateOrganizationWithDropdownTest" name="createOrganizationWithDropdowns" time="13.061"/>
  <testcase classname="com.crm.vtigerTY.genericUtilities.BaseClass" name="@BeforeSuite connectToDatabase" time="0.0">
    <ignored/>
  </testcase> <!-- @BeforeSuite connectToDatabase -->
  <testcase classname="com.crm.vtigerTY.genericUtilities.BaseClass" name="@BeforeSuite connectToDatabase" time="0.0">
    <ignored/>
  </testcase> <!-- @BeforeSuite connectToDatabase -->
  <testcase classname="com.crm.vtigerTY.genericUtilities.BaseClass" name="@BeforeSuite connectToDatabase" time="0.0">
    <ignored/>
  </testcase> <!-- @BeforeSuite connectToDatabase -->
  <testcase classname="com.crm.vtigerTY.genericUtilities.BaseClass" name="@AfterSuite closeTheDatabase" time="0.0">
    <ignored/>
  </testcase> <!-- @AfterSuite closeTheDatabase -->
  <testcase classname="com.crm.vtigerTY.genericUtilities.BaseClass" name="@AfterSuite closeTheDatabase" time="0.0">
    <ignored/>
  </testcase> <!-- @AfterSuite closeTheDatabase -->
  <testcase classname="com.crm.vtigerTY.genericUtilities.BaseClass" name="@AfterSuite closeTheDatabase" time="0.0">
    <ignored/>
  </testcase> <!-- @AfterSuite closeTheDatabase -->
</testsuite> <!-- SystemTest -->
