<?xml version="1.0" encoding="UTF-8"?>
<!-- Generated by org.testng.reporters.JUnitXMLReporter -->
<testsuite ignored="16" hostname="DESKTOP-CGTN2DQ" failures="1" tests="9" name="Test" time="180.456" errors="0" timestamp="2022-06-21T13:15:35 IST">
  <testcase classname="com.crm.vtigerTY.organization.CreateOrganizationAndVerifyTest" name="createOrganizationAndVerify" time="46.652"/>
  <testcase classname="com.crm.vtigerTY.contacts.CreateContactWithOrganizationTest" name="createContactWithOrganization" time="54.04"/>
  <testcase classname="com.crm.vtigerTY.organization.CreateOrganizationWithContactTest" name="createOranizationAndContactsAndVerify" time="62.799"/>
  <testcase classname="com.crm.vtigerTY.contacts.EditContactAndVerifyTest" name="editContactAndVerify" time="21.293"/>
  <testcase classname="com.crm.vtigerTY.organization.CreateOrganizationWithDropdownTest" name="createOrganizationWithDropdowns" time="27.685"/>
  <testcase classname="com.crm.vtigerTY.contacts.DuplicateTheContactAndVerifyTest" name="selectDuplicateContact" time="32.083">
    <failure type="java.lang.AssertionError" message="The following asserts failed:
	expected [piyush814] but found [piyush790]">
      <![CDATA[java.lang.AssertionError: The following asserts failed:
expected [piyush814] but found [piyush790]
at com.crm.vtigerTY.contacts.DuplicateTheContactAndVerifyTest.selectDuplicateContact(DuplicateTheContactAndVerifyTest.java:37)
at java.base/java.util.concurrent.ThreadPoolExecutor.runWorker(ThreadPoolExecutor.java:1130)
at java.base/java.util.concurrent.ThreadPoolExecutor$Worker.run(ThreadPoolExecutor.java:630)
at java.base/java.lang.Thread.run(Thread.java:831)
... Removed 14 stack frames]]>
    </failure>
  </testcase> <!-- selectDuplicateContact -->
  <testcase classname="com.crm.vtigerTY.contacts.SelectLastViewedContactAndLogoutTest" name="selectLastViewContactLogout" time="14.019"/>
  <testcase classname="com.crm.vtigerTY.contacts.SelectContactAndSendEmailTest" name="selectOneContactSendEmail" time="24.26"/>
  <testcase classname="com.crm.vtigerTY.contacts.CreateContactAndVerifyTest" name="createContactsAndVerify" time="21.842"/>
  <testcase classname="com.crm.vtigerTY.genericUtilities.BaseClass" name="@BeforeSuite connectToDatabase" time="0.0">
    <ignored/>
  </testcase> <!-- @BeforeSuite connectToDatabase -->
  <testcase classname="com.crm.vtigerTY.genericUtilities.BaseClass" name="@BeforeSuite connectToDatabase" time="0.0">
    <ignored/>
  </testcase> <!-- @BeforeSuite connectToDatabase -->
  <testcase classname="com.crm.vtigerTY.genericUtilities.BaseClass" name="@BeforeSuite connectToDatabase" time="0.0">
    <ignored/>
  </testcase> <!-- @BeforeSuite connectToDatabase -->
  <testcase classname="com.crm.vtigerTY.genericUtilities.BaseClass" name="@BeforeSuite connectToDatabase" time="0.0">
    <ignored/>
  </testcase> <!-- @BeforeSuite connectToDatabase -->
  <testcase classname="com.crm.vtigerTY.genericUtilities.BaseClass" name="@BeforeSuite connectToDatabase" time="0.0">
    <ignored/>
  </testcase> <!-- @BeforeSuite connectToDatabase -->
  <testcase classname="com.crm.vtigerTY.genericUtilities.BaseClass" name="@BeforeSuite connectToDatabase" time="0.0">
    <ignored/>
  </testcase> <!-- @BeforeSuite connectToDatabase -->
  <testcase classname="com.crm.vtigerTY.genericUtilities.BaseClass" name="@BeforeSuite connectToDatabase" time="0.0">
    <ignored/>
  </testcase> <!-- @BeforeSuite connectToDatabase -->
  <testcase classname="com.crm.vtigerTY.genericUtilities.BaseClass" name="@BeforeSuite connectToDatabase" time="0.0">
    <ignored/>
  </testcase> <!-- @BeforeSuite connectToDatabase -->
  <testcase classname="com.crm.vtigerTY.genericUtilities.BaseClass" name="@AfterSuite closeTheDatabase" time="0.0">
    <ignored/>
  </testcase> <!-- @AfterSuite closeTheDatabase -->
  <testcase classname="com.crm.vtigerTY.genericUtilities.BaseClass" name="@AfterSuite closeTheDatabase" time="0.0">
    <ignored/>
  </testcase> <!-- @AfterSuite closeTheDatabase -->
  <testcase classname="com.crm.vtigerTY.genericUtilities.BaseClass" name="@AfterSuite closeTheDatabase" time="0.0">
    <ignored/>
  </testcase> <!-- @AfterSuite closeTheDatabase -->
  <testcase classname="com.crm.vtigerTY.genericUtilities.BaseClass" name="@AfterSuite closeTheDatabase" time="0.0">
    <ignored/>
  </testcase> <!-- @AfterSuite closeTheDatabase -->
  <testcase classname="com.crm.vtigerTY.genericUtilities.BaseClass" name="@AfterSuite closeTheDatabase" time="0.0">
    <ignored/>
  </testcase> <!-- @AfterSuite closeTheDatabase -->
  <testcase classname="com.crm.vtigerTY.genericUtilities.BaseClass" name="@AfterSuite closeTheDatabase" time="0.0">
    <ignored/>
  </testcase> <!-- @AfterSuite closeTheDatabase -->
  <testcase classname="com.crm.vtigerTY.genericUtilities.BaseClass" name="@AfterSuite closeTheDatabase" time="0.0">
    <ignored/>
  </testcase> <!-- @AfterSuite closeTheDatabase -->
  <testcase classname="com.crm.vtigerTY.genericUtilities.BaseClass" name="@AfterSuite closeTheDatabase" time="0.0">
    <ignored/>
  </testcase> <!-- @AfterSuite closeTheDatabase -->
</testsuite> <!-- Test -->
