<?xml version="1.0" encoding="UTF-8"?>
<testng-results ignored="0" total="1" passed="1" failed="0" skipped="0">
  <reporter-output>
    <line>
      <![CDATA[Contact is created and Test case is pass]]>
    </line>
  </reporter-output>
  <suite started-at="2022-06-21T13:25:22 IST" name="Default suite" finished-at="2022-06-21T13:25:46 IST" duration-ms="23624">
    <groups>
      <group name="smoke">
        <method signature="DuplicateTheContactAndVerifyTest.selectDuplicateContact()[pri:0, instance:com.crm.vtigerTY.contacts.DuplicateTheContactAndVerifyTest@3c7f66c4]" name="selectDuplicateContact" class="com.crm.vtigerTY.contacts.DuplicateTheContactAndVerifyTest"/>
      </group> <!-- smoke -->
    </groups>
    <test started-at="2022-06-21T13:25:22 IST" name="Default test" finished-at="2022-06-21T13:25:46 IST" duration-ms="23624">
      <class name="com.crm.vtigerTY.contacts.DuplicateTheContactAndVerifyTest">
        <test-method is-config="true" signature="connectToDatabase()[pri:0, instance:com.crm.vtigerTY.contacts.DuplicateTheContactAndVerifyTest@3c7f66c4]" started-at="2022-06-21T13:25:22 IST" name="connectToDatabase" finished-at="2022-06-21T13:25:22 IST" duration-ms="10" status="PASS">
          <reporter-output>
          </reporter-output>
        </test-method> <!-- connectToDatabase -->
        <test-method is-config="true" signature="launchBrowser()[pri:0, instance:com.crm.vtigerTY.contacts.DuplicateTheContactAndVerifyTest@3c7f66c4]" started-at="2022-06-21T13:25:22 IST" name="launchBrowser" finished-at="2022-06-21T13:25:25 IST" duration-ms="3201" status="PASS">
          <reporter-output>
          </reporter-output>
        </test-method> <!-- launchBrowser -->
        <test-method is-config="true" signature="loginToApplication()[pri:0, instance:com.crm.vtigerTY.contacts.DuplicateTheContactAndVerifyTest@3c7f66c4]" started-at="2022-06-21T13:25:25 IST" name="loginToApplication" finished-at="2022-06-21T13:25:30 IST" duration-ms="4103" status="PASS">
          <reporter-output>
          </reporter-output>
        </test-method> <!-- loginToApplication -->
        <test-method signature="selectDuplicateContact()[pri:0, instance:com.crm.vtigerTY.contacts.DuplicateTheContactAndVerifyTest@3c7f66c4]" started-at="2022-06-21T13:25:30 IST" name="selectDuplicateContact" finished-at="2022-06-21T13:25:43 IST" duration-ms="13716" status="PASS">
          <reporter-output>
            <line>
              <![CDATA[Contact is created and Test case is pass]]>
            </line>
          </reporter-output>
        </test-method> <!-- selectDuplicateContact -->
        <test-method is-config="true" signature="LogoutOffApplication()[pri:0, instance:com.crm.vtigerTY.contacts.DuplicateTheContactAndVerifyTest@3c7f66c4]" started-at="2022-06-21T13:25:43 IST" name="LogoutOffApplication" finished-at="2022-06-21T13:25:45 IST" duration-ms="2229" status="PASS">
          <reporter-output>
          </reporter-output>
        </test-method> <!-- LogoutOffApplication -->
        <test-method is-config="true" signature="closeTheBrowser()[pri:0, instance:com.crm.vtigerTY.contacts.DuplicateTheContactAndVerifyTest@3c7f66c4]" started-at="2022-06-21T13:25:45 IST" name="closeTheBrowser" finished-at="2022-06-21T13:25:46 IST" duration-ms="326" status="PASS">
          <reporter-output>
          </reporter-output>
        </test-method> <!-- closeTheBrowser -->
        <test-method is-config="true" signature="closeTheDatabase()[pri:0, instance:com.crm.vtigerTY.contacts.DuplicateTheContactAndVerifyTest@3c7f66c4]" started-at="2022-06-21T13:25:46 IST" name="closeTheDatabase" finished-at="2022-06-21T13:25:46 IST" duration-ms="0" status="PASS">
          <reporter-output>
          </reporter-output>
        </test-method> <!-- closeTheDatabase -->
      </class> <!-- com.crm.vtigerTY.contacts.DuplicateTheContactAndVerifyTest -->
    </test> <!-- Default test -->
  </suite> <!-- Default suite -->
</testng-results>
