<?xml version="1.0" encoding="UTF-8"?>
<testng-results ignored="0" total="1" passed="1" failed="0" skipped="0">
  <reporter-output>
  </reporter-output>
  <suite started-at="2022-06-23T15:36:15 IST" name="Default suite" finished-at="2022-06-23T15:37:42 IST" duration-ms="86878">
    <groups>
      <group name="smoke">
        <method signature="CreateContactAndVerifyTest.createContactsAndVerify()[pri:1, instance:com.crm.vtigerTY.contacts.CreateContactAndVerifyTest@2805d709]" name="createContactsAndVerify" class="com.crm.vtigerTY.contacts.CreateContactAndVerifyTest"/>
      </group> <!-- smoke -->
    </groups>
    <test started-at="2022-06-23T15:36:15 IST" name="Default test" finished-at="2022-06-23T15:37:42 IST" duration-ms="86878">
      <class name="com.crm.vtigerTY.contacts.CreateContactAndVerifyTest">
        <test-method is-config="true" signature="connectToDatabase()[pri:0, instance:com.crm.vtigerTY.contacts.CreateContactAndVerifyTest@2805d709]" started-at="2022-06-23T15:36:15 IST" name="connectToDatabase" finished-at="2022-06-23T15:36:15 IST" duration-ms="17" status="PASS">
          <reporter-output>
          </reporter-output>
        </test-method> <!-- connectToDatabase -->
        <test-method is-config="true" signature="launchBrowser()[pri:0, instance:com.crm.vtigerTY.contacts.CreateContactAndVerifyTest@2805d709]" started-at="2022-06-23T15:36:15 IST" name="launchBrowser" finished-at="2022-06-23T15:36:37 IST" duration-ms="22483" status="PASS">
          <reporter-output>
          </reporter-output>
        </test-method> <!-- launchBrowser -->
        <test-method is-config="true" signature="loginToApplication()[pri:0, instance:com.crm.vtigerTY.contacts.CreateContactAndVerifyTest@2805d709]" started-at="2022-06-23T15:36:37 IST" name="loginToApplication" finished-at="2022-06-23T15:36:55 IST" duration-ms="17883" status="PASS">
          <reporter-output>
          </reporter-output>
        </test-method> <!-- loginToApplication -->
        <test-method signature="createContactsAndVerify()[pri:1, instance:com.crm.vtigerTY.contacts.CreateContactAndVerifyTest@2805d709]" started-at="2022-06-23T15:36:55 IST" name="createContactsAndVerify" finished-at="2022-06-23T15:37:37 IST" duration-ms="42089" status="PASS">
          <reporter-output>
          </reporter-output>
        </test-method> <!-- createContactsAndVerify -->
        <test-method is-config="true" signature="LogoutOffApplication()[pri:0, instance:com.crm.vtigerTY.contacts.CreateContactAndVerifyTest@2805d709]" started-at="2022-06-23T15:37:37 IST" name="LogoutOffApplication" finished-at="2022-06-23T15:37:41 IST" duration-ms="3867" status="PASS">
          <reporter-output>
          </reporter-output>
        </test-method> <!-- LogoutOffApplication -->
        <test-method is-config="true" signature="closeTheBrowser()[pri:0, instance:com.crm.vtigerTY.contacts.CreateContactAndVerifyTest@2805d709]" started-at="2022-06-23T15:37:41 IST" name="closeTheBrowser" finished-at="2022-06-23T15:37:42 IST" duration-ms="471" status="PASS">
          <reporter-output>
          </reporter-output>
        </test-method> <!-- closeTheBrowser -->
        <test-method is-config="true" signature="closeTheDatabase()[pri:0, instance:com.crm.vtigerTY.contacts.CreateContactAndVerifyTest@2805d709]" started-at="2022-06-23T15:37:42 IST" name="closeTheDatabase" finished-at="2022-06-23T15:37:42 IST" duration-ms="1" status="PASS">
          <reporter-output>
          </reporter-output>
        </test-method> <!-- closeTheDatabase -->
      </class> <!-- com.crm.vtigerTY.contacts.CreateContactAndVerifyTest -->
    </test> <!-- Default test -->
  </suite> <!-- Default suite -->
</testng-results>
